<?xml version="1.0" encoding="UTF-8"?>
<!-- Generated by org.testng.reporters.JUnitReportReporter -->
<testsuite skipped="1" hostname="chintu_pandu" name="testNG.Extentreport" tests="2" failures="0" timestamp="2023-01-18T23:55:49 EST" time="2.797" errors="1">
  <testcase name="openbrowser" time="2.797" classname="testNG.Extentreport">
    <error type="org.openqa.selenium.SessionNotCreatedException" message="session not created: This version of ChromeDriver only supports Chrome version 107
Current browser version is 109.0.5414.75 with binary path C:\Program Files\Google\Chrome\Application\chrome.exe
Build info: version: &#039;3.14.0&#039;, revision: &#039;aacccce0&#039;, time: &#039;2018-08-02T20:19:58.91Z&#039;
System info: host: &#039;CHINTU_PANDU&#039;, ip: &#039;10.0.0.146&#039;, os.name: &#039;Windows 11&#039;, os.arch: &#039;amd64&#039;, os.version: &#039;10.0&#039;, java.version: &#039;1.8.0_351&#039;
Driver info: driver.version: ChromeDriver
remote stacktrace: Backtrace:
	Ordinal0 [0x0088ACD3+2075859]
	Ordinal0 [0x0081EE61+1633889]
	Ordinal0 [0x0071B7BD+571325]
	Ordinal0 [0x0073DFCD+712653]
	Ordinal0 [0x00739266+692838]
	Ordinal0 [0x00736BE9+682985]
	Ordinal0 [0x0076DBD3+908243]
	Ordinal0 [0x0076D6AA+906922]
	Ordinal0 [0x00767136+880950]
	Ordinal0 [0x0073FEFD+720637]
	Ordinal0 [0x00740F3F+724799]
	GetHandleVerifier [0x00B3EED2+2769538]
	GetHandleVerifier [0x00B30D95+2711877]
	GetHandleVerifier [0x0091A03A+521194]
	GetHandleVerifier [0x00918DA0+516432]
	Ordinal0 [0x0082682C+1665068]
	Ordinal0 [0x0082B128+1683752]
	Ordinal0 [0x0082B215+1683989]
	Ordinal0 [0x00836484+1729668]
	BaseThreadInitThunk [0x76597D69+25]
	RtlInitializeExceptionChain [0x778BBB9B+107]
	RtlClearBits [0x778BBB1F+191]
">
      <![CDATA[org.openqa.selenium.SessionNotCreatedException: session not created: This version of ChromeDriver only supports Chrome version 107
Current browser version is 109.0.5414.75 with binary path C:\Program Files\Google\Chrome\Application\chrome.exe
Build info: version: '3.14.0', revision: 'aacccce0', time: '2018-08-02T20:19:58.91Z'
System info: host: 'CHINTU_PANDU', ip: '10.0.0.146', os.name: 'Windows 11', os.arch: 'amd64', os.version: '10.0', java.version: '1.8.0_351'
Driver info: driver.version: ChromeDriver
remote stacktrace: Backtrace:
Ordinal0 [0x0088ACD3+2075859]
Ordinal0 [0x0081EE61+1633889]
Ordinal0 [0x0071B7BD+571325]
Ordinal0 [0x0073DFCD+712653]
Ordinal0 [0x00739266+692838]
Ordinal0 [0x00736BE9+682985]
Ordinal0 [0x0076DBD3+908243]
Ordinal0 [0x0076D6AA+906922]
Ordinal0 [0x00767136+880950]
Ordinal0 [0x0073FEFD+720637]
Ordinal0 [0x00740F3F+724799]
GetHandleVerifier [0x00B3EED2+2769538]
GetHandleVerifier [0x00B30D95+2711877]
GetHandleVerifier [0x0091A03A+521194]
GetHandleVerifier [0x00918DA0+516432]
Ordinal0 [0x0082682C+1665068]
Ordinal0 [0x0082B128+1683752]
Ordinal0 [0x0082B215+1683989]
Ordinal0 [0x00836484+1729668]
BaseThreadInitThunk [0x76597D69+25]
RtlInitializeExceptionChain [0x778BBB9B+107]
RtlClearBits [0x778BBB1F+191]

at sun.reflect.NativeConstructorAccessorImpl.newInstance0(Native Method)
at sun.reflect.NativeConstructorAccessorImpl.newInstance(NativeConstructorAccessorImpl.java:62)
at sun.reflect.DelegatingConstructorAccessorImpl.newInstance(DelegatingConstructorAccessorImpl.java:45)
at java.lang.reflect.Constructor.newInstance(Constructor.java:423)
at org.openqa.selenium.remote.W3CHandshakeResponse.lambda$new$0(W3CHandshakeResponse.java:57)
at org.openqa.selenium.remote.W3CHandshakeResponse.lambda$getResponseFunction$2(W3CHandshakeResponse.java:104)
at org.openqa.selenium.remote.ProtocolHandshake.lambda$createSession$0(ProtocolHandshake.java:122)
at java.util.stream.ReferencePipeline$3$1.accept(ReferencePipeline.java:193)
at java.util.Spliterators$ArraySpliterator.tryAdvance(Spliterators.java:958)
at java.util.stream.ReferencePipeline.forEachWithCancel(ReferencePipeline.java:126)
at java.util.stream.AbstractPipeline.copyIntoWithCancel(AbstractPipeline.java:499)
at java.util.stream.AbstractPipeline.copyInto(AbstractPipeline.java:486)
at java.util.stream.AbstractPipeline.wrapAndCopyInto(AbstractPipeline.java:472)
at java.util.stream.FindOps$FindOp.evaluateSequential(FindOps.java:152)
at java.util.stream.AbstractPipeline.evaluate(AbstractPipeline.java:234)
at java.util.stream.ReferencePipeline.findFirst(ReferencePipeline.java:464)
at org.openqa.selenium.remote.ProtocolHandshake.createSession(ProtocolHandshake.java:125)
at org.openqa.selenium.remote.ProtocolHandshake.createSession(ProtocolHandshake.java:73)
at org.openqa.selenium.remote.HttpCommandExecutor.execute(HttpCommandExecutor.java:136)
at org.openqa.selenium.remote.service.DriverCommandExecutor.execute(DriverCommandExecutor.java:83)
at org.openqa.selenium.remote.RemoteWebDriver.execute(RemoteWebDriver.java:548)
at org.openqa.selenium.remote.RemoteWebDriver.startSession(RemoteWebDriver.java:212)
at org.openqa.selenium.remote.RemoteWebDriver.<init>(RemoteWebDriver.java:130)
at org.openqa.selenium.chrome.ChromeDriver.<init>(ChromeDriver.java:181)
at org.openqa.selenium.chrome.ChromeDriver.<init>(ChromeDriver.java:168)
at org.openqa.selenium.chrome.ChromeDriver.<init>(ChromeDriver.java:123)
at testNG.Extentreport.openbrowser(Extentreport.java:32)
at sun.reflect.NativeMethodAccessorImpl.invoke0(Native Method)
at sun.reflect.NativeMethodAccessorImpl.invoke(NativeMethodAccessorImpl.java:62)
at sun.reflect.DelegatingMethodAccessorImpl.invoke(DelegatingMethodAccessorImpl.java:43)
at java.lang.reflect.Method.invoke(Method.java:498)
at org.testng.internal.MethodInvocationHelper.invokeMethod(MethodInvocationHelper.java:133)
at org.testng.internal.MethodInvocationHelper.invokeMethodConsideringTimeout(MethodInvocationHelper.java:62)
at org.testng.internal.ConfigInvoker.invokeConfigurationMethod(ConfigInvoker.java:385)
at org.testng.internal.ConfigInvoker.invokeConfigurations(ConfigInvoker.java:321)
at org.testng.SuiteRunner.privateRun(SuiteRunner.java:317)
at org.testng.SuiteRunner.run(SuiteRunner.java:276)
at org.testng.SuiteRunnerWorker.runSuite(SuiteRunnerWorker.java:53)
at org.testng.SuiteRunnerWorker.run(SuiteRunnerWorker.java:96)
at org.testng.TestNG.runSuitesSequentially(TestNG.java:1212)
at org.testng.TestNG.runSuitesLocally(TestNG.java:1134)
at org.testng.TestNG.runSuites(TestNG.java:1063)
at org.testng.TestNG.run(TestNG.java:1031)
at org.testng.remote.AbstractRemoteTestNG.run(AbstractRemoteTestNG.java:115)
at org.testng.remote.RemoteTestNG.initAndRun(RemoteTestNG.java:251)
at org.testng.remote.RemoteTestNG.main(RemoteTestNG.java:77)
]]>
    </error>
  </testcase> <!-- openbrowser -->
  <system-out/>
  <testcase name="opengoogle" time="0.000" classname="testNG.Extentreport">
    <skipped/>
  </testcase> <!-- opengoogle -->
  <system-out/>
</testsuite> <!-- testNG.Extentreport -->
